<?xml version="1.0" encoding="UTF-8"?>
<!-- Generated by org.testng.reporters.JUnitReportReporter -->
<testsuite hostname="DESKTOP-D6A6P90" failures="0" tests="2" name="utils.ExcelDataProvider" time="18.664" errors="0" timestamp="2021-01-21T17:18:55 IST" skipped="0">
  <testcase classname="utils.ExcelDataProvider" name="test1" time="8.553"/>
  <system-out/>
  <testcase classname="utils.ExcelDataProvider" name="test1" time="10.111"/>
  <system-out/>
</testsuite> <!-- utils.ExcelDataProvider -->
